<?xml version="1.0" encoding="UTF-8"?>
<!-- Generated by org.testng.reporters.JUnitXMLReporter -->
<testsuite ignored="0" hostname="PSL-4Q3WC63" failures="0" tests="3" name="Test in Firefox+macOS Sequoia" time="118.663" errors="0" timestamp="26 Mar 2025 20:43:51 GMT">
  <testcase classname="Playwright.PlaywrightTest101" name="test_scenario1" time="4.844"/>
  <testcase classname="Playwright.PlaywrightTest101" name="test_scenario2" time="7.312"/>
  <testcase classname="Playwright.PlaywrightTest101" name="test_scenario3" time="13.919"/>
</testsuite> <!-- Test in Firefox+macOS Sequoia -->
