<?xml version="1.0" encoding="UTF-8"?>
<!-- Generated by org.testng.reporters.JUnitXMLReporter -->
<testsuite ignored="0" hostname="PSL-4Q3WC63" failures="0" tests="3" name="Test in Chromium+Windows 10" time="119.305" errors="0" timestamp="26 Mar 2025 20:43:52 GMT">
  <testcase classname="Playwright.PlaywrightTest101" name="test_scenario1" time="4.255"/>
  <testcase classname="Playwright.PlaywrightTest101" name="test_scenario2" time="7.758"/>
  <testcase classname="Playwright.PlaywrightTest101" name="test_scenario3" time="12.798"/>
</testsuite> <!-- Test in Chromium+Windows 10 -->
