<?xml version="1.0" encoding="UTF-8"?>
<!-- Generated by org.testng.reporters.JUnitXMLReporter -->
<testsuite ignored="0" hostname="PSL-4Q3WC63" failures="0" tests="3" name="Test in Firefox+macOS Catalina" time="72.602" errors="0" timestamp="26 Mar 2025 20:43:05 GMT">
  <testcase classname="Playwright.PlaywrightTest101" name="test_scenario1" time="4.447"/>
  <testcase classname="Playwright.PlaywrightTest101" name="test_scenario2" time="8.272"/>
  <testcase classname="Playwright.PlaywrightTest101" name="test_scenario3" time="13.266"/>
</testsuite> <!-- Test in Firefox+macOS Catalina -->
