<?xml version="1.0" encoding="UTF-8"?>
<!-- Generated by org.testng.reporters.JUnitXMLReporter -->
<testsuite ignored="0" hostname="yimic69-lamdatestplaywr-otq4h4hzdt0" failures="0" tests="3" name="Test in Firefox+macOS Sequoia" time="47.615" errors="0" timestamp="27 Mar 2025 14:41:28 GMT">
  <testcase classname="Playwright.PlaywrightTest101" name="test_scenario1" time="2.546"/>
  <testcase classname="Playwright.PlaywrightTest101" name="test_scenario2" time="3.716"/>
  <testcase classname="Playwright.PlaywrightTest101" name="test_scenario3" time="4.041"/>
</testsuite> <!-- Test in Firefox+macOS Sequoia -->
