<?xml version="1.0" encoding="UTF-8"?>
<!-- Generated by org.testng.reporters.JUnitXMLReporter -->
<testsuite ignored="0" hostname="PSL-4Q3WC63" failures="0" tests="3" name="Test in Chromium+Windows 10" time="109.769" errors="0" timestamp="26 Mar 2025 20:52:50 GMT">
  <testcase classname="Playwright.PlaywrightTest101" name="test_scenario1" time="3.696"/>
  <testcase classname="Playwright.PlaywrightTest101" name="test_scenario2" time="6.359"/>
  <testcase classname="Playwright.PlaywrightTest101" name="test_scenario3" time="8.291"/>
</testsuite> <!-- Test in Chromium+Windows 10 -->
