<?xml version="1.0" encoding="UTF-8"?>
<!-- Generated by org.testng.reporters.JUnitXMLReporter -->
<testsuite ignored="0" hostname="yimic69-lamdatestplaywr-otq4h4hzdt0" failures="0" tests="3" name="Test in Chromium+Windows 10" time="106.354" errors="0" timestamp="27 Mar 2025 14:42:27 GMT">
  <testcase classname="Playwright.PlaywrightTest101" name="test_scenario1" time="1.851"/>
  <testcase classname="Playwright.PlaywrightTest101" name="test_scenario2" time="3.581"/>
  <testcase classname="Playwright.PlaywrightTest101" name="test_scenario3" time="6.003"/>
</testsuite> <!-- Test in Chromium+Windows 10 -->
