<?xml version="1.0" encoding="UTF-8"?>
<!-- Generated by org.testng.reporters.JUnitXMLReporter -->
<testsuite ignored="0" hostname="PSL-4Q3WC63" failures="0" tests="3" name="Test in Firefox+macOS Catalina" time="93.536" errors="0" timestamp="26 Mar 2025 20:52:34 GMT">
  <testcase classname="Playwright.PlaywrightTest101" name="@BeforeMethod setup" time="22.271">
    <failure type="com.microsoft.playwright.PlaywrightException" message="Error {
  message=&amp;apos;WebSocket error: connect ETIMEDOUT 43.204.87.215:80
  name=&amp;apos;Error
  stack=&amp;apos;Error: WebSocket error: connect ETIMEDOUT 43.204.87.215:80
    at t.&amp;lt;anonymous&amp;gt; (C:\Users\SAMARJ~1\AppData\Local\Temp\playwright-java-2002165867467356372\package\lib\server\transport.js:60:16)
    at t.emit (node:events:530:35)
    at sa (C:\Users\SAMARJ~1\AppData\Local\Temp\playwright-java-2002165867467356372\package\lib\utilsBundleImpl\index.js:175:40894)
    at ClientRequest.&amp;lt;anonymous&amp;gt; (C:\Users\SAMARJ~1\AppData\Local\Temp\playwright-java-2002165867467356372\package\lib\utilsBundleImpl\index.js:175:39145)
    at ClientRequest.emit (node:events:518:28)
    at emitErrorEvent (node:_http_client:103:11)
    at _destroy (node:_http_client:886:9)
    at onSocketNT (node:_http_client:906:5)
    at process.processTicksAndRejections (node:internal/process/task_queues:91:21)
}
Call log:
-   - &amp;lt;ws connecting&amp;gt; ws://cdp.lambdatest.com/playwright
-   - &amp;lt;ws error&amp;gt; ws://cdp.lambdatest.com/playwright error connect ETIMEDOUT 43.204.87.215:80
-   - &amp;lt;ws connect error&amp;gt; ws://cdp.lambdatest.com/playwright connect ETIMEDOUT 43.204.87.215:80
-   - &amp;lt;ws disconnected&amp;gt; ws://cdp.lambdatest.com/playwright code=1006 reason=
">
      <![CDATA[com.microsoft.playwright.PlaywrightException: Error {
  message='WebSocket error: connect ETIMEDOUT 43.204.87.215:80
  name='Error
  stack='Error: WebSocket error: connect ETIMEDOUT 43.204.87.215:80
    at t.<anonymous> (C:\Users\SAMARJ~1\AppData\Local\Temp\playwright-java-2002165867467356372\package\lib\server\transport.js:60:16)
    at t.emit (node:events:530:35)
    at sa (C:\Users\SAMARJ~1\AppData\Local\Temp\playwright-java-2002165867467356372\package\lib\utilsBundleImpl\index.js:175:40894)
    at ClientRequest.<anonymous> (C:\Users\SAMARJ~1\AppData\Local\Temp\playwright-java-2002165867467356372\package\lib\utilsBundleImpl\index.js:175:39145)
    at ClientRequest.emit (node:events:518:28)
    at emitErrorEvent (node:_http_client:103:11)
    at _destroy (node:_http_client:886:9)
    at onSocketNT (node:_http_client:906:5)
    at process.processTicksAndRejections (node:internal/process/task_queues:91:21)
}
Call log:
-   - <ws connecting> ws://cdp.lambdatest.com/playwright
-   - <ws error> ws://cdp.lambdatest.com/playwright error connect ETIMEDOUT 43.204.87.215:80
-   - <ws connect error> ws://cdp.lambdatest.com/playwright connect ETIMEDOUT 43.204.87.215:80
-   - <ws disconnected> ws://cdp.lambdatest.com/playwright code=1006 reason=

at com.microsoft.playwright.impl.WaitableResult.get(WaitableResult.java:56)
at com.microsoft.playwright.impl.ChannelOwner.runUntil(ChannelOwner.java:132)
at com.microsoft.playwright.impl.Connection.sendMessage(Connection.java:130)
at com.microsoft.playwright.impl.ChannelOwner.sendMessage(ChannelOwner.java:118)
at com.microsoft.playwright.impl.BrowserTypeImpl.connectImpl(BrowserTypeImpl.java:86)
at com.microsoft.playwright.impl.BrowserTypeImpl.lambda$connect$1(BrowserTypeImpl.java:60)
at com.microsoft.playwright.impl.LoggingSupport.withLogging(LoggingSupport.java:47)
at com.microsoft.playwright.impl.ChannelOwner.withLogging(ChannelOwner.java:97)
at com.microsoft.playwright.impl.BrowserTypeImpl.connect(BrowserTypeImpl.java:60)
at com.microsoft.playwright.BrowserType.connect(BrowserType.java:1178)
at Playwright.PlaywrightTest101.setup(PlaywrightTest101.java:53)
at java.base/java.util.concurrent.FutureTask.run(FutureTask.java:317)
at java.base/java.util.concurrent.ThreadPoolExecutor.runWorker(ThreadPoolExecutor.java:1144)
at java.base/java.util.concurrent.ThreadPoolExecutor$Worker.run(ThreadPoolExecutor.java:642)
at java.base/java.lang.Thread.run(Thread.java:1583)
Caused by: com.microsoft.playwright.impl.DriverException: Error {
  message='WebSocket error: connect ETIMEDOUT 43.204.87.215:80
  name='Error
  stack='Error: WebSocket error: connect ETIMEDOUT 43.204.87.215:80
    at t.<anonymous> (C:\Users\SAMARJ~1\AppData\Local\Temp\playwright-java-2002165867467356372\package\lib\server\transport.js:60:16)
    at t.emit (node:events:530:35)
    at sa (C:\Users\SAMARJ~1\AppData\Local\Temp\playwright-java-2002165867467356372\package\lib\utilsBundleImpl\index.js:175:40894)
    at ClientRequest.<anonymous> (C:\Users\SAMARJ~1\AppData\Local\Temp\playwright-java-2002165867467356372\package\lib\utilsBundleImpl\index.js:175:39145)
    at ClientRequest.emit (node:events:518:28)
    at emitErrorEvent (node:_http_client:103:11)
    at _destroy (node:_http_client:886:9)
    at onSocketNT (node:_http_client:906:5)
    at process.processTicksAndRejections (node:internal/process/task_queues:91:21)
}
Call log:
-   - <ws connecting> ws://cdp.lambdatest.com/playwright
-   - <ws error> ws://cdp.lambdatest.com/playwright error connect ETIMEDOUT 43.204.87.215:80
-   - <ws connect error> ws://cdp.lambdatest.com/playwright connect ETIMEDOUT 43.204.87.215:80
-   - <ws disconnected> ws://cdp.lambdatest.com/playwright code=1006 reason=

at com.microsoft.playwright.impl.Connection.dispatch(Connection.java:259)
at com.microsoft.playwright.impl.Connection.processOneMessage(Connection.java:211)
at com.microsoft.playwright.impl.ChannelOwner.runUntil(ChannelOwner.java:130)
... 30 more
... Removed 17 stack frames]]>
    </failure>
  </testcase> <!-- @BeforeMethod setup -->
  <testcase classname="Playwright.PlaywrightTest101" name="@AfterMethod quitDriver" time="0.0">
    <skipped/>
  </testcase> <!-- @AfterMethod quitDriver -->
  <testcase classname="Playwright.PlaywrightTest101" name="test_scenario1" time="6.393"/>
  <testcase classname="Playwright.PlaywrightTest101" name="test_scenario2" time="8.096"/>
  <testcase classname="Playwright.PlaywrightTest101" name="test_scenario3" time="13.664"/>
</testsuite> <!-- Test in Firefox+macOS Catalina -->
