<?xml version="1.0" encoding="UTF-8"?>
<!-- Generated by org.testng.reporters.JUnitXMLReporter -->
<testsuite ignored="0" hostname="yimic69-lamdatestplaywr-otq4h4hzdt0" failures="0" tests="3" name="Test in Firefox+macOS Catalina" time="168.825" errors="0" timestamp="27 Mar 2025 14:43:30 GMT">
  <testcase classname="Playwright.PlaywrightTest101" name="test_scenario1" time="4.245"/>
  <testcase classname="Playwright.PlaywrightTest101" name="test_scenario2" time="5.138"/>
  <testcase classname="Playwright.PlaywrightTest101" name="test_scenario3" time="5.823"/>
</testsuite> <!-- Test in Firefox+macOS Catalina -->
