<?xml version="1.0" encoding="UTF-8"?>
<testng-results ignored="0" total="9" passed="9" failed="0" skipped="0">
  <reporter-output>
  </reporter-output>
  <suite started-at="2025-03-27T14:40:41Z" name="Suite" finished-at="2025-03-27T14:43:30Z" duration-ms="168825">
    <groups>
    </groups>
    <test started-at="2025-03-27T14:40:41Z" name="Test in Firefox+macOS Sequoia" finished-at="2025-03-27T14:41:28Z" duration-ms="47615">
      <class name="Playwright.PlaywrightTest101">
        <test-method is-config="true" signature="setup(java.lang.String, java.lang.String, java.lang.String)[pri:0, instance:Playwright.PlaywrightTest101@709ba3fb]" started-at="2025-03-27T14:40:41Z" name="setup" finished-at="2025-03-27T14:40:55Z" duration-ms="14118" status="PASS">
          <params>
            <param index="0">
              <value>
                <![CDATA[pw-firefox]]>
              </value>
            </param>
            <param index="1">
              <value>
                <![CDATA[latest]]>
              </value>
            </param>
            <param index="2">
              <value>
                <![CDATA[macOS Sequoia ]]>
              </value>
            </param>
          </params>
          <reporter-output>
          </reporter-output>
        </test-method> <!-- setup -->
        <test-method signature="test_scenario1()[pri:1, instance:Playwright.PlaywrightTest101@709ba3fb]" started-at="2025-03-27T14:40:55Z" name="test_scenario1" finished-at="2025-03-27T14:40:58Z" duration-ms="2546" status="PASS">
          <reporter-output>
          </reporter-output>
        </test-method> <!-- test_scenario1 -->
        <test-method is-config="true" signature="quitDriver()[pri:0, instance:Playwright.PlaywrightTest101@709ba3fb]" started-at="2025-03-27T14:40:58Z" name="quitDriver" finished-at="2025-03-27T14:40:58Z" duration-ms="10" status="PASS">
          <reporter-output>
          </reporter-output>
        </test-method> <!-- quitDriver -->
        <test-method is-config="true" signature="setup(java.lang.String, java.lang.String, java.lang.String)[pri:0, instance:Playwright.PlaywrightTest101@709ba3fb]" started-at="2025-03-27T14:40:58Z" name="setup" finished-at="2025-03-27T14:41:10Z" duration-ms="12612" status="PASS">
          <params>
            <param index="0">
              <value>
                <![CDATA[pw-firefox]]>
              </value>
            </param>
            <param index="1">
              <value>
                <![CDATA[latest]]>
              </value>
            </param>
            <param index="2">
              <value>
                <![CDATA[macOS Sequoia ]]>
              </value>
            </param>
          </params>
          <reporter-output>
          </reporter-output>
        </test-method> <!-- setup -->
        <test-method signature="test_scenario2()[pri:2, instance:Playwright.PlaywrightTest101@709ba3fb]" started-at="2025-03-27T14:41:10Z" name="test_scenario2" finished-at="2025-03-27T14:41:14Z" duration-ms="3716" status="PASS">
          <reporter-output>
          </reporter-output>
        </test-method> <!-- test_scenario2 -->
        <test-method is-config="true" signature="quitDriver()[pri:0, instance:Playwright.PlaywrightTest101@709ba3fb]" started-at="2025-03-27T14:41:14Z" name="quitDriver" finished-at="2025-03-27T14:41:14Z" duration-ms="9" status="PASS">
          <reporter-output>
          </reporter-output>
        </test-method> <!-- quitDriver -->
        <test-method is-config="true" signature="setup(java.lang.String, java.lang.String, java.lang.String)[pri:0, instance:Playwright.PlaywrightTest101@709ba3fb]" started-at="2025-03-27T14:41:14Z" name="setup" finished-at="2025-03-27T14:41:24Z" duration-ms="10537" status="PASS">
          <params>
            <param index="0">
              <value>
                <![CDATA[pw-firefox]]>
              </value>
            </param>
            <param index="1">
              <value>
                <![CDATA[latest]]>
              </value>
            </param>
            <param index="2">
              <value>
                <![CDATA[macOS Sequoia ]]>
              </value>
            </param>
          </params>
          <reporter-output>
          </reporter-output>
        </test-method> <!-- setup -->
        <test-method signature="test_scenario3()[pri:3, instance:Playwright.PlaywrightTest101@709ba3fb]" started-at="2025-03-27T14:41:24Z" name="test_scenario3" finished-at="2025-03-27T14:41:28Z" duration-ms="4041" status="PASS">
          <reporter-output>
          </reporter-output>
        </test-method> <!-- test_scenario3 -->
        <test-method is-config="true" signature="quitDriver()[pri:0, instance:Playwright.PlaywrightTest101@709ba3fb]" started-at="2025-03-27T14:41:28Z" name="quitDriver" finished-at="2025-03-27T14:41:28Z" duration-ms="9" status="PASS">
          <reporter-output>
          </reporter-output>
        </test-method> <!-- quitDriver -->
      </class> <!-- Playwright.PlaywrightTest101 -->
    </test> <!-- Test in Firefox+macOS Sequoia -->
    <test started-at="2025-03-27T14:40:41Z" name="Test in Chromium+Windows 10" finished-at="2025-03-27T14:42:27Z" duration-ms="106354">
      <class name="Playwright.PlaywrightTest101">
        <test-method is-config="true" signature="setup(java.lang.String, java.lang.String, java.lang.String)[pri:0, instance:Playwright.PlaywrightTest101@5606c0b]" started-at="2025-03-27T14:40:41Z" name="setup" finished-at="2025-03-27T14:41:27Z" duration-ms="45958" status="PASS">
          <params>
            <param index="0">
              <value>
                <![CDATA[pw-chromium]]>
              </value>
            </param>
            <param index="1">
              <value>
                <![CDATA[latest]]>
              </value>
            </param>
            <param index="2">
              <value>
                <![CDATA[Windows 10]]>
              </value>
            </param>
          </params>
          <reporter-output>
          </reporter-output>
        </test-method> <!-- setup -->
        <test-method signature="test_scenario1()[pri:1, instance:Playwright.PlaywrightTest101@5606c0b]" started-at="2025-03-27T14:41:27Z" name="test_scenario1" finished-at="2025-03-27T14:41:29Z" duration-ms="1851" status="PASS">
          <reporter-output>
          </reporter-output>
        </test-method> <!-- test_scenario1 -->
        <test-method is-config="true" signature="quitDriver()[pri:0, instance:Playwright.PlaywrightTest101@5606c0b]" started-at="2025-03-27T14:41:29Z" name="quitDriver" finished-at="2025-03-27T14:41:29Z" duration-ms="9" status="PASS">
          <reporter-output>
          </reporter-output>
        </test-method> <!-- quitDriver -->
        <test-method is-config="true" signature="setup(java.lang.String, java.lang.String, java.lang.String)[pri:0, instance:Playwright.PlaywrightTest101@5606c0b]" started-at="2025-03-27T14:41:29Z" name="setup" finished-at="2025-03-27T14:41:56Z" duration-ms="27586" status="PASS">
          <params>
            <param index="0">
              <value>
                <![CDATA[pw-chromium]]>
              </value>
            </param>
            <param index="1">
              <value>
                <![CDATA[latest]]>
              </value>
            </param>
            <param index="2">
              <value>
                <![CDATA[Windows 10]]>
              </value>
            </param>
          </params>
          <reporter-output>
          </reporter-output>
        </test-method> <!-- setup -->
        <test-method signature="test_scenario2()[pri:2, instance:Playwright.PlaywrightTest101@5606c0b]" started-at="2025-03-27T14:41:56Z" name="test_scenario2" finished-at="2025-03-27T14:42:00Z" duration-ms="3581" status="PASS">
          <reporter-output>
          </reporter-output>
        </test-method> <!-- test_scenario2 -->
        <test-method is-config="true" signature="quitDriver()[pri:0, instance:Playwright.PlaywrightTest101@5606c0b]" started-at="2025-03-27T14:42:00Z" name="quitDriver" finished-at="2025-03-27T14:42:00Z" duration-ms="11" status="PASS">
          <reporter-output>
          </reporter-output>
        </test-method> <!-- quitDriver -->
        <test-method is-config="true" signature="setup(java.lang.String, java.lang.String, java.lang.String)[pri:0, instance:Playwright.PlaywrightTest101@5606c0b]" started-at="2025-03-27T14:42:00Z" name="setup" finished-at="2025-03-27T14:42:21Z" duration-ms="21331" status="PASS">
          <params>
            <param index="0">
              <value>
                <![CDATA[pw-chromium]]>
              </value>
            </param>
            <param index="1">
              <value>
                <![CDATA[latest]]>
              </value>
            </param>
            <param index="2">
              <value>
                <![CDATA[Windows 10]]>
              </value>
            </param>
          </params>
          <reporter-output>
          </reporter-output>
        </test-method> <!-- setup -->
        <test-method signature="test_scenario3()[pri:3, instance:Playwright.PlaywrightTest101@5606c0b]" started-at="2025-03-27T14:42:21Z" name="test_scenario3" finished-at="2025-03-27T14:42:27Z" duration-ms="6003" status="PASS">
          <reporter-output>
          </reporter-output>
        </test-method> <!-- test_scenario3 -->
        <test-method is-config="true" signature="quitDriver()[pri:0, instance:Playwright.PlaywrightTest101@5606c0b]" started-at="2025-03-27T14:42:27Z" name="quitDriver" finished-at="2025-03-27T14:42:27Z" duration-ms="9" status="PASS">
          <reporter-output>
          </reporter-output>
        </test-method> <!-- quitDriver -->
      </class> <!-- Playwright.PlaywrightTest101 -->
    </test> <!-- Test in Chromium+Windows 10 -->
    <test started-at="2025-03-27T14:40:41Z" name="Test in Firefox+macOS Catalina" finished-at="2025-03-27T14:43:30Z" duration-ms="168825">
      <class name="Playwright.PlaywrightTest101">
        <test-method is-config="true" signature="setup(java.lang.String, java.lang.String, java.lang.String)[pri:0, instance:Playwright.PlaywrightTest101@6b1274d2]" started-at="2025-03-27T14:40:41Z" name="setup" finished-at="2025-03-27T14:40:53Z" duration-ms="12416" status="PASS">
          <params>
            <param index="0">
              <value>
                <![CDATA[pw-firefox]]>
              </value>
            </param>
            <param index="1">
              <value>
                <![CDATA[latest]]>
              </value>
            </param>
            <param index="2">
              <value>
                <![CDATA[macOS Catalina]]>
              </value>
            </param>
          </params>
          <reporter-output>
          </reporter-output>
        </test-method> <!-- setup -->
        <test-method signature="test_scenario1()[pri:1, instance:Playwright.PlaywrightTest101@6b1274d2]" started-at="2025-03-27T14:40:53Z" name="test_scenario1" finished-at="2025-03-27T14:40:58Z" duration-ms="4245" status="PASS">
          <reporter-output>
          </reporter-output>
        </test-method> <!-- test_scenario1 -->
        <test-method is-config="true" signature="quitDriver()[pri:0, instance:Playwright.PlaywrightTest101@6b1274d2]" started-at="2025-03-27T14:40:58Z" name="quitDriver" finished-at="2025-03-27T14:40:58Z" duration-ms="13" status="PASS">
          <reporter-output>
          </reporter-output>
        </test-method> <!-- quitDriver -->
        <test-method is-config="true" signature="setup(java.lang.String, java.lang.String, java.lang.String)[pri:0, instance:Playwright.PlaywrightTest101@6b1274d2]" started-at="2025-03-27T14:40:58Z" name="setup" finished-at="2025-03-27T14:42:49Z" duration-ms="111202" status="PASS">
          <params>
            <param index="0">
              <value>
                <![CDATA[pw-firefox]]>
              </value>
            </param>
            <param index="1">
              <value>
                <![CDATA[latest]]>
              </value>
            </param>
            <param index="2">
              <value>
                <![CDATA[macOS Catalina]]>
              </value>
            </param>
          </params>
          <reporter-output>
          </reporter-output>
        </test-method> <!-- setup -->
        <test-method signature="test_scenario2()[pri:2, instance:Playwright.PlaywrightTest101@6b1274d2]" started-at="2025-03-27T14:42:49Z" name="test_scenario2" finished-at="2025-03-27T14:42:54Z" duration-ms="5138" status="PASS">
          <reporter-output>
          </reporter-output>
        </test-method> <!-- test_scenario2 -->
        <test-method is-config="true" signature="quitDriver()[pri:0, instance:Playwright.PlaywrightTest101@6b1274d2]" started-at="2025-03-27T14:42:54Z" name="quitDriver" finished-at="2025-03-27T14:42:54Z" duration-ms="13" status="PASS">
          <reporter-output>
          </reporter-output>
        </test-method> <!-- quitDriver -->
        <test-method is-config="true" signature="setup(java.lang.String, java.lang.String, java.lang.String)[pri:0, instance:Playwright.PlaywrightTest101@6b1274d2]" started-at="2025-03-27T14:42:54Z" name="setup" finished-at="2025-03-27T14:43:24Z" duration-ms="29947" status="PASS">
          <params>
            <param index="0">
              <value>
                <![CDATA[pw-firefox]]>
              </value>
            </param>
            <param index="1">
              <value>
                <![CDATA[latest]]>
              </value>
            </param>
            <param index="2">
              <value>
                <![CDATA[macOS Catalina]]>
              </value>
            </param>
          </params>
          <reporter-output>
          </reporter-output>
        </test-method> <!-- setup -->
        <test-method signature="test_scenario3()[pri:3, instance:Playwright.PlaywrightTest101@6b1274d2]" started-at="2025-03-27T14:43:24Z" name="test_scenario3" finished-at="2025-03-27T14:43:30Z" duration-ms="5823" status="PASS">
          <reporter-output>
          </reporter-output>
        </test-method> <!-- test_scenario3 -->
        <test-method is-config="true" signature="quitDriver()[pri:0, instance:Playwright.PlaywrightTest101@6b1274d2]" started-at="2025-03-27T14:43:30Z" name="quitDriver" finished-at="2025-03-27T14:43:30Z" duration-ms="11" status="PASS">
          <reporter-output>
          </reporter-output>
        </test-method> <!-- quitDriver -->
      </class> <!-- Playwright.PlaywrightTest101 -->
    </test> <!-- Test in Firefox+macOS Catalina -->
  </suite> <!-- Suite -->
</testng-results>
