<?xml version="1.0" encoding="UTF-8"?>
<testsuite xmlns:xsi="http://www.w3.org/2001/XMLSchema-instance" xsi:noNamespaceSchemaLocation="https://maven.apache.org/surefire/maven-surefire-plugin/xsd/surefire-test-report-3.0.xsd" version="3.0" name="TestSuite" time="110.412" tests="11" errors="0" skipped="2" failures="1">
  <properties>
[...]
</properties>
  <testcase name="test_scenario1" classname="Playwright.PlaywrightTest101" time="5.067">
    <system-out><![CDATA[Welcome to LambdaTest
]]></system-out>
  </testcase>
  <testcase name="test_scenario1" classname="Playwright.PlaywrightTest101" time="6.06">
    <system-out><![CDATA[Welcome to LambdaTest
]]></system-out>
  </testcase>
  <testcase name="test_scenario1" classname="Playwright.PlaywrightTest101" time="3.689">
    <system-out><![CDATA[Welcome to LambdaTest
]]></system-out>
  </testcase>
  <testcase name="test_scenario2" classname="Playwright.PlaywrightTest101" time="2.923"/>
  <testcase name="test_scenario2" classname="Playwright.PlaywrightTest101" time="8.096"/>
  <testcase name="test_scenario2" classname="Playwright.PlaywrightTest101" time="5.78"/>
  <testcase name="setup[pw-firefox, latest, macOS Sequoia ](0)" classname="Playwright.PlaywrightTest101" time="10.73">
    <failure message="Error {&#10;  message=&apos;WebSocket error: connect ETIMEDOUT 43.204.87.215:80&#10;  name=&apos;Error&#10;  stack=&apos;Error: WebSocket error: connect ETIMEDOUT 43.204.87.215:80&#10;    at t.&lt;anonymous&gt; (C:\Users\SAMARJ~1\AppData\Local\Temp\playwright-java-2002165867467356372\package\lib\server\transport.js:60:16)&#10;    at t.emit (node:events:530:35)&#10;    at sa (C:\Users\SAMARJ~1\AppData\Local\Temp\playwright-java-2002165867467356372\package\lib\utilsBundleImpl\index.js:175:40894)&#10;    at ClientRequest.&lt;anonymous&gt; (C:\Users\SAMARJ~1\AppData\Local\Temp\playwright-java-2002165867467356372\package\lib\utilsBundleImpl\index.js:175:39145)&#10;    at ClientRequest.emit (node:events:518:28)&#10;    at emitErrorEvent (node:_http_client:103:11)&#10;    at _destroy (node:_http_client:886:9)&#10;    at onSocketNT (node:_http_client:906:5)&#10;    at process.processTicksAndRejections (node:internal/process/task_queues:91:21)&#10;}&#10;Call log:&#10;-   - &lt;ws connecting&gt; ws://cdp.lambdatest.com/playwright&#10;-   - &lt;ws error&gt; ws://cdp.lambdatest.com/playwright error connect ETIMEDOUT 43.204.87.215:80&#10;-   - &lt;ws connect error&gt; ws://cdp.lambdatest.com/playwright connect ETIMEDOUT 43.204.87.215:80&#10;-   - &lt;ws disconnected&gt; ws://cdp.lambdatest.com/playwright code=1006 reason=&#10;" type="com.microsoft.playwright.PlaywrightException"><![CDATA[com.microsoft.playwright.PlaywrightException: 
Error {
  message='WebSocket error: connect ETIMEDOUT 43.204.87.215:80
  name='Error
  stack='Error: WebSocket error: connect ETIMEDOUT 43.204.87.215:80
    at t.<anonymous> (C:\Users\SAMARJ~1\AppData\Local\Temp\playwright-java-2002165867467356372\package\lib\server\transport.js:60:16)
    at t.emit (node:events:530:35)
    at sa (C:\Users\SAMARJ~1\AppData\Local\Temp\playwright-java-2002165867467356372\package\lib\utilsBundleImpl\index.js:175:40894)
    at ClientRequest.<anonymous> (C:\Users\SAMARJ~1\AppData\Local\Temp\playwright-java-2002165867467356372\package\lib\utilsBundleImpl\index.js:175:39145)
    at ClientRequest.emit (node:events:518:28)
    at emitErrorEvent (node:_http_client:103:11)
    at _destroy (node:_http_client:886:9)
    at onSocketNT (node:_http_client:906:5)
    at process.processTicksAndRejections (node:internal/process/task_queues:91:21)
}
Call log:
-   - <ws connecting> ws://cdp.lambdatest.com/playwright
-   - <ws error> ws://cdp.lambdatest.com/playwright error connect ETIMEDOUT 43.204.87.215:80
-   - <ws connect error> ws://cdp.lambdatest.com/playwright connect ETIMEDOUT 43.204.87.215:80
-   - <ws disconnected> ws://cdp.lambdatest.com/playwright code=1006 reason=

	at com.microsoft.playwright.impl.WaitableResult.get(WaitableResult.java:56)
	at com.microsoft.playwright.impl.ChannelOwner.runUntil(ChannelOwner.java:132)
	at com.microsoft.playwright.impl.Connection.sendMessage(Connection.java:130)
	at com.microsoft.playwright.impl.ChannelOwner.sendMessage(ChannelOwner.java:118)
	at com.microsoft.playwright.impl.BrowserTypeImpl.connectImpl(BrowserTypeImpl.java:86)
	at com.microsoft.playwright.impl.BrowserTypeImpl.lambda$connect$1(BrowserTypeImpl.java:60)
	at com.microsoft.playwright.impl.LoggingSupport.withLogging(LoggingSupport.java:47)
	at com.microsoft.playwright.impl.ChannelOwner.withLogging(ChannelOwner.java:97)
	at com.microsoft.playwright.impl.BrowserTypeImpl.connect(BrowserTypeImpl.java:60)
	at com.microsoft.playwright.BrowserType.connect(BrowserType.java:1178)
	at Playwright.PlaywrightTest101.setup(PlaywrightTest101.java:53)
	at java.base/jdk.internal.reflect.DirectMethodHandleAccessor.invoke(DirectMethodHandleAccessor.java:103)
	at java.base/java.lang.reflect.Method.invoke(Method.java:580)
	at org.testng.internal.MethodInvocationHelper.invokeMethod(MethodInvocationHelper.java:124)
	at org.testng.internal.MethodInvocationHelper.invokeMethodConsideringTimeout(MethodInvocationHelper.java:59)
	at org.testng.internal.Invoker.invokeConfigurationMethod(Invoker.java:455)
	at org.testng.internal.Invoker.invokeConfigurations(Invoker.java:222)
	at org.testng.internal.Invoker.invokeMethod(Invoker.java:520)
	at org.testng.internal.Invoker.invokeTestMethod(Invoker.java:716)
	at org.testng.internal.Invoker.invokeTestMethods(Invoker.java:988)
	at org.testng.internal.TestMethodWorker.invokeTestMethods(TestMethodWorker.java:125)
	at org.testng.internal.TestMethodWorker.run(TestMethodWorker.java:109)
	at org.testng.TestRunner.privateRun(TestRunner.java:648)
	at org.testng.TestRunner.run(TestRunner.java:505)
	at org.testng.SuiteRunner.runTest(SuiteRunner.java:455)
	at org.testng.SuiteRunner.access$000(SuiteRunner.java:40)
	at org.testng.SuiteRunner$SuiteWorker.run(SuiteRunner.java:489)
	at org.testng.internal.thread.ThreadUtil$1.call(ThreadUtil.java:52)
	at java.base/java.util.concurrent.FutureTask.run(FutureTask.java:317)
	at java.base/java.util.concurrent.ThreadPoolExecutor.runWorker(ThreadPoolExecutor.java:1144)
	at java.base/java.util.concurrent.ThreadPoolExecutor$Worker.run(ThreadPoolExecutor.java:642)
	at java.base/java.lang.Thread.run(Thread.java:1583)
Caused by: com.microsoft.playwright.impl.DriverException: Error {
  message='WebSocket error: connect ETIMEDOUT 43.204.87.215:80
  name='Error
  stack='Error: WebSocket error: connect ETIMEDOUT 43.204.87.215:80
    at t.<anonymous> (C:\Users\SAMARJ~1\AppData\Local\Temp\playwright-java-2002165867467356372\package\lib\server\transport.js:60:16)
    at t.emit (node:events:530:35)
    at sa (C:\Users\SAMARJ~1\AppData\Local\Temp\playwright-java-2002165867467356372\package\lib\utilsBundleImpl\index.js:175:40894)
    at ClientRequest.<anonymous> (C:\Users\SAMARJ~1\AppData\Local\Temp\playwright-java-2002165867467356372\package\lib\utilsBundleImpl\index.js:175:39145)
    at ClientRequest.emit (node:events:518:28)
    at emitErrorEvent (node:_http_client:103:11)
    at _destroy (node:_http_client:886:9)
    at onSocketNT (node:_http_client:906:5)
    at process.processTicksAndRejections (node:internal/process/task_queues:91:21)
}
Call log:
-   - <ws connecting> ws://cdp.lambdatest.com/playwright
-   - <ws error> ws://cdp.lambdatest.com/playwright error connect ETIMEDOUT 43.204.87.215:80
-   - <ws connect error> ws://cdp.lambdatest.com/playwright connect ETIMEDOUT 43.204.87.215:80
-   - <ws disconnected> ws://cdp.lambdatest.com/playwright code=1006 reason=

	at com.microsoft.playwright.impl.Connection.dispatch(Connection.java:259)
	at com.microsoft.playwright.impl.Connection.processOneMessage(Connection.java:211)
	at com.microsoft.playwright.impl.ChannelOwner.runUntil(ChannelOwner.java:130)
	... 30 more
]]></failure>
  </testcase>
  <testcase name="test_scenario3" classname="Playwright.PlaywrightTest101" time="0.0">
    <skipped message="Error {&#10;  message=&apos;WebSocket error: connect ETIMEDOUT 43.204.87.215:80&#10;  name=&apos;Error&#10;  stack=&apos;Error: WebSocket error: connect ETIMEDOUT 43.204.87.215:80&#10;    at t.&lt;anonymous&gt; (C:\Users\SAMARJ~1\AppData\Local\Temp\playwright-java-2002165867467356372\package\lib\server\transport.js:60:16)&#10;    at t.emit (node:events:530:35)&#10;    at sa (C:\Users\SAMARJ~1\AppData\Local\Temp\playwright-java-2002165867467356372\package\lib\utilsBundleImpl\index.js:175:40894)&#10;    at ClientRequest.&lt;anonymous&gt; (C:\Users\SAMARJ~1\AppData\Local\Temp\playwright-java-2002165867467356372\package\lib\utilsBundleImpl\index.js:175:39145)&#10;    at ClientRequest.emit (node:events:518:28)&#10;    at emitErrorEvent (node:_http_client:103:11)&#10;    at _destroy (node:_http_client:886:9)&#10;    at onSocketNT (node:_http_client:906:5)&#10;    at process.processTicksAndRejections (node:internal/process/task_queues:91:21)&#10;}&#10;Call log:&#10;-   - &lt;ws connecting&gt; ws://cdp.lambdatest.com/playwright&#10;-   - &lt;ws error&gt; ws://cdp.lambdatest.com/playwright error connect ETIMEDOUT 43.204.87.215:80&#10;-   - &lt;ws connect error&gt; ws://cdp.lambdatest.com/playwright connect ETIMEDOUT 43.204.87.215:80&#10;-   - &lt;ws disconnected&gt; ws://cdp.lambdatest.com/playwright code=1006 reason=&#10;"/>
  </testcase>
  <testcase name="test_scenario3" classname="Playwright.PlaywrightTest101" time="13.663"/>
  <testcase name="test_scenario3" classname="Playwright.PlaywrightTest101" time="8.291"/>
  <testcase name="quitDriver" classname="Playwright.PlaywrightTest101" time="0.0">
    <skipped/>
  </testcase>
</testsuite>