<?xml version="1.0" encoding="UTF-8"?>
<testsuite xmlns:xsi="http://www.w3.org/2001/XMLSchema-instance" xsi:noNamespaceSchemaLocation="https://maven.apache.org/surefire/maven-surefire-plugin/xsd/surefire-test-report-3.0.xsd" version="3.0" name="TestSuite" time="169.12" tests="9" errors="0" skipped="0" failures="0">
  <properties>
[...]
</properties>
  <testcase name="test_scenario1" classname="Playwright.PlaywrightTest101" time="2.546">
    <system-out><![CDATA[Welcome to LambdaTest
]]></system-out>
  </testcase>
  <testcase name="test_scenario1" classname="Playwright.PlaywrightTest101" time="2.549">
    <system-out><![CDATA[Welcome to LambdaTest
]]></system-out>
  </testcase>
  <testcase name="test_scenario1" classname="Playwright.PlaywrightTest101" time="1.851">
    <system-out><![CDATA[Welcome to LambdaTest
]]></system-out>
  </testcase>
  <testcase name="test_scenario2" classname="Playwright.PlaywrightTest101" time="3.716"/>
  <testcase name="test_scenario2" classname="Playwright.PlaywrightTest101" time="3.581"/>
  <testcase name="test_scenario2" classname="Playwright.PlaywrightTest101" time="5.139"/>
  <testcase name="test_scenario3" classname="Playwright.PlaywrightTest101" time="1.633"/>
  <testcase name="test_scenario3" classname="Playwright.PlaywrightTest101" time="6.003"/>
  <testcase name="test_scenario3" classname="Playwright.PlaywrightTest101" time="5.824"/>
</testsuite>