<?xml version="1.0" encoding="UTF-8"?>
<testng-results ignored="0" total="9" passed="8" failed="0" skipped="1">
  <reporter-output>
  </reporter-output>
  <suite started-at="2025-03-26T20:51:01Z" name="Suite" finished-at="2025-03-26T20:52:50Z" duration-ms="109769">
    <groups>
    </groups>
    <test started-at="2025-03-26T20:51:01Z" name="Test in Firefox+macOS Sequoia" finished-at="2025-03-26T20:52:12Z" duration-ms="71287">
      <class name="Playwright.PlaywrightTest101">
        <test-method is-config="true" signature="setup(java.lang.String, java.lang.String, java.lang.String)[pri:0, instance:Playwright.PlaywrightTest101@25b485ba]" started-at="2025-03-26T20:51:01Z" name="setup" finished-at="2025-03-26T20:51:23Z" duration-ms="22313" status="PASS">
          <params>
            <param index="0">
              <value>
                <![CDATA[pw-firefox]]>
              </value>
            </param>
            <param index="1">
              <value>
                <![CDATA[latest]]>
              </value>
            </param>
            <param index="2">
              <value>
                <![CDATA[macOS Sequoia ]]>
              </value>
            </param>
          </params>
          <reporter-output>
          </reporter-output>
        </test-method> <!-- setup -->
        <test-method signature="test_scenario1()[pri:1, instance:Playwright.PlaywrightTest101@25b485ba]" started-at="2025-03-26T20:51:23Z" name="test_scenario1" finished-at="2025-03-26T20:51:28Z" duration-ms="5056" status="PASS">
          <reporter-output>
          </reporter-output>
        </test-method> <!-- test_scenario1 -->
        <test-method is-config="true" signature="quitDriver()[pri:0, instance:Playwright.PlaywrightTest101@25b485ba]" started-at="2025-03-26T20:51:28Z" name="quitDriver" finished-at="2025-03-26T20:51:28Z" duration-ms="249" status="PASS">
          <reporter-output>
          </reporter-output>
        </test-method> <!-- quitDriver -->
        <test-method is-config="true" signature="setup(java.lang.String, java.lang.String, java.lang.String)[pri:0, instance:Playwright.PlaywrightTest101@25b485ba]" started-at="2025-03-26T20:51:28Z" name="setup" finished-at="2025-03-26T20:51:41Z" duration-ms="12420" status="PASS">
          <params>
            <param index="0">
              <value>
                <![CDATA[pw-firefox]]>
              </value>
            </param>
            <param index="1">
              <value>
                <![CDATA[latest]]>
              </value>
            </param>
            <param index="2">
              <value>
                <![CDATA[macOS Sequoia ]]>
              </value>
            </param>
          </params>
          <reporter-output>
          </reporter-output>
        </test-method> <!-- setup -->
        <test-method signature="test_scenario2()[pri:2, instance:Playwright.PlaywrightTest101@25b485ba]" started-at="2025-03-26T20:51:41Z" name="test_scenario2" finished-at="2025-03-26T20:51:49Z" duration-ms="8582" status="PASS">
          <reporter-output>
          </reporter-output>
        </test-method> <!-- test_scenario2 -->
        <test-method is-config="true" signature="quitDriver()[pri:0, instance:Playwright.PlaywrightTest101@25b485ba]" started-at="2025-03-26T20:51:49Z" name="quitDriver" finished-at="2025-03-26T20:51:50Z" duration-ms="350" status="PASS">
          <reporter-output>
          </reporter-output>
        </test-method> <!-- quitDriver -->
        <test-method is-config="true" signature="setup(java.lang.String, java.lang.String, java.lang.String)[pri:0, instance:Playwright.PlaywrightTest101@25b485ba]" started-at="2025-03-26T20:51:50Z" name="setup" finished-at="2025-03-26T20:52:12Z" duration-ms="22271" status="FAIL">
          <params>
            <param index="0">
              <value>
                <![CDATA[pw-firefox]]>
              </value>
            </param>
            <param index="1">
              <value>
                <![CDATA[latest]]>
              </value>
            </param>
            <param index="2">
              <value>
                <![CDATA[macOS Sequoia ]]>
              </value>
            </param>
          </params>
          <exception class="com.microsoft.playwright.PlaywrightException">
            <message>
              <![CDATA[Error {
  message='WebSocket error: connect ETIMEDOUT 43.204.87.215:80
  name='Error
  stack='Error: WebSocket error: connect ETIMEDOUT 43.204.87.215:80
    at t.<anonymous> (C:\Users\SAMARJ~1\AppData\Local\Temp\playwright-java-2002165867467356372\package\lib\server\transport.js:60:16)
    at t.emit (node:events:530:35)
    at sa (C:\Users\SAMARJ~1\AppData\Local\Temp\playwright-java-2002165867467356372\package\lib\utilsBundleImpl\index.js:175:40894)
    at ClientRequest.<anonymous> (C:\Users\SAMARJ~1\AppData\Local\Temp\playwright-java-2002165867467356372\package\lib\utilsBundleImpl\index.js:175:39145)
    at ClientRequest.emit (node:events:518:28)
    at emitErrorEvent (node:_http_client:103:11)
    at _destroy (node:_http_client:886:9)
    at onSocketNT (node:_http_client:906:5)
    at process.processTicksAndRejections (node:internal/process/task_queues:91:21)
}
Call log:
-   - <ws connecting> ws://cdp.lambdatest.com/playwright
-   - <ws error> ws://cdp.lambdatest.com/playwright error connect ETIMEDOUT 43.204.87.215:80
-   - <ws connect error> ws://cdp.lambdatest.com/playwright connect ETIMEDOUT 43.204.87.215:80
-   - <ws disconnected> ws://cdp.lambdatest.com/playwright code=1006 reason=
]]>
            </message>
            <full-stacktrace>
              <![CDATA[com.microsoft.playwright.PlaywrightException: Error {
  message='WebSocket error: connect ETIMEDOUT 43.204.87.215:80
  name='Error
  stack='Error: WebSocket error: connect ETIMEDOUT 43.204.87.215:80
    at t.<anonymous> (C:\Users\SAMARJ~1\AppData\Local\Temp\playwright-java-2002165867467356372\package\lib\server\transport.js:60:16)
    at t.emit (node:events:530:35)
    at sa (C:\Users\SAMARJ~1\AppData\Local\Temp\playwright-java-2002165867467356372\package\lib\utilsBundleImpl\index.js:175:40894)
    at ClientRequest.<anonymous> (C:\Users\SAMARJ~1\AppData\Local\Temp\playwright-java-2002165867467356372\package\lib\utilsBundleImpl\index.js:175:39145)
    at ClientRequest.emit (node:events:518:28)
    at emitErrorEvent (node:_http_client:103:11)
    at _destroy (node:_http_client:886:9)
    at onSocketNT (node:_http_client:906:5)
    at process.processTicksAndRejections (node:internal/process/task_queues:91:21)
}
Call log:
-   - <ws connecting> ws://cdp.lambdatest.com/playwright
-   - <ws error> ws://cdp.lambdatest.com/playwright error connect ETIMEDOUT 43.204.87.215:80
-   - <ws connect error> ws://cdp.lambdatest.com/playwright connect ETIMEDOUT 43.204.87.215:80
-   - <ws disconnected> ws://cdp.lambdatest.com/playwright code=1006 reason=

at com.microsoft.playwright.impl.WaitableResult.get(WaitableResult.java:56)
at com.microsoft.playwright.impl.ChannelOwner.runUntil(ChannelOwner.java:132)
at com.microsoft.playwright.impl.Connection.sendMessage(Connection.java:130)
at com.microsoft.playwright.impl.ChannelOwner.sendMessage(ChannelOwner.java:118)
at com.microsoft.playwright.impl.BrowserTypeImpl.connectImpl(BrowserTypeImpl.java:86)
at com.microsoft.playwright.impl.BrowserTypeImpl.lambda$connect$1(BrowserTypeImpl.java:60)
at com.microsoft.playwright.impl.LoggingSupport.withLogging(LoggingSupport.java:47)
at com.microsoft.playwright.impl.ChannelOwner.withLogging(ChannelOwner.java:97)
at com.microsoft.playwright.impl.BrowserTypeImpl.connect(BrowserTypeImpl.java:60)
at com.microsoft.playwright.BrowserType.connect(BrowserType.java:1178)
at Playwright.PlaywrightTest101.setup(PlaywrightTest101.java:53)
at java.base/jdk.internal.reflect.DirectMethodHandleAccessor.invoke(DirectMethodHandleAccessor.java:103)
at java.base/java.lang.reflect.Method.invoke(Method.java:580)
at org.testng.internal.MethodInvocationHelper.invokeMethod(MethodInvocationHelper.java:124)
at org.testng.internal.MethodInvocationHelper.invokeMethodConsideringTimeout(MethodInvocationHelper.java:59)
at org.testng.internal.Invoker.invokeConfigurationMethod(Invoker.java:455)
at org.testng.internal.Invoker.invokeConfigurations(Invoker.java:222)
at org.testng.internal.Invoker.invokeMethod(Invoker.java:520)
at org.testng.internal.Invoker.invokeTestMethod(Invoker.java:716)
at org.testng.internal.Invoker.invokeTestMethods(Invoker.java:988)
at org.testng.internal.TestMethodWorker.invokeTestMethods(TestMethodWorker.java:125)
at org.testng.internal.TestMethodWorker.run(TestMethodWorker.java:109)
at org.testng.TestRunner.privateRun(TestRunner.java:648)
at org.testng.TestRunner.run(TestRunner.java:505)
at org.testng.SuiteRunner.runTest(SuiteRunner.java:455)
at org.testng.SuiteRunner.access$000(SuiteRunner.java:40)
at org.testng.SuiteRunner$SuiteWorker.run(SuiteRunner.java:489)
at org.testng.internal.thread.ThreadUtil$1.call(ThreadUtil.java:52)
at java.base/java.util.concurrent.FutureTask.run(FutureTask.java:317)
at java.base/java.util.concurrent.ThreadPoolExecutor.runWorker(ThreadPoolExecutor.java:1144)
at java.base/java.util.concurrent.ThreadPoolExecutor$Worker.run(ThreadPoolExecutor.java:642)
at java.base/java.lang.Thread.run(Thread.java:1583)
Caused by: com.microsoft.playwright.impl.DriverException: Error {
  message='WebSocket error: connect ETIMEDOUT 43.204.87.215:80
  name='Error
  stack='Error: WebSocket error: connect ETIMEDOUT 43.204.87.215:80
    at t.<anonymous> (C:\Users\SAMARJ~1\AppData\Local\Temp\playwright-java-2002165867467356372\package\lib\server\transport.js:60:16)
    at t.emit (node:events:530:35)
    at sa (C:\Users\SAMARJ~1\AppData\Local\Temp\playwright-java-2002165867467356372\package\lib\utilsBundleImpl\index.js:175:40894)
    at ClientRequest.<anonymous> (C:\Users\SAMARJ~1\AppData\Local\Temp\playwright-java-2002165867467356372\package\lib\utilsBundleImpl\index.js:175:39145)
    at ClientRequest.emit (node:events:518:28)
    at emitErrorEvent (node:_http_client:103:11)
    at _destroy (node:_http_client:886:9)
    at onSocketNT (node:_http_client:906:5)
    at process.processTicksAndRejections (node:internal/process/task_queues:91:21)
}
Call log:
-   - <ws connecting> ws://cdp.lambdatest.com/playwright
-   - <ws error> ws://cdp.lambdatest.com/playwright error connect ETIMEDOUT 43.204.87.215:80
-   - <ws connect error> ws://cdp.lambdatest.com/playwright connect ETIMEDOUT 43.204.87.215:80
-   - <ws disconnected> ws://cdp.lambdatest.com/playwright code=1006 reason=

at com.microsoft.playwright.impl.Connection.dispatch(Connection.java:259)
at com.microsoft.playwright.impl.Connection.processOneMessage(Connection.java:211)
at com.microsoft.playwright.impl.ChannelOwner.runUntil(ChannelOwner.java:130)
... 30 more
]]>
            </full-stacktrace>
          </exception> <!-- com.microsoft.playwright.PlaywrightException -->
          <reporter-output>
          </reporter-output>
        </test-method> <!-- setup -->
        <test-method signature="test_scenario3()[pri:3, instance:Playwright.PlaywrightTest101@25b485ba]" started-at="2025-03-26T20:52:12Z" name="test_scenario3" finished-at="2025-03-26T20:52:12Z" duration-ms="0" status="SKIP">
          <exception class="com.microsoft.playwright.PlaywrightException">
            <message>
              <![CDATA[Error {
  message='WebSocket error: connect ETIMEDOUT 43.204.87.215:80
  name='Error
  stack='Error: WebSocket error: connect ETIMEDOUT 43.204.87.215:80
    at t.<anonymous> (C:\Users\SAMARJ~1\AppData\Local\Temp\playwright-java-2002165867467356372\package\lib\server\transport.js:60:16)
    at t.emit (node:events:530:35)
    at sa (C:\Users\SAMARJ~1\AppData\Local\Temp\playwright-java-2002165867467356372\package\lib\utilsBundleImpl\index.js:175:40894)
    at ClientRequest.<anonymous> (C:\Users\SAMARJ~1\AppData\Local\Temp\playwright-java-2002165867467356372\package\lib\utilsBundleImpl\index.js:175:39145)
    at ClientRequest.emit (node:events:518:28)
    at emitErrorEvent (node:_http_client:103:11)
    at _destroy (node:_http_client:886:9)
    at onSocketNT (node:_http_client:906:5)
    at process.processTicksAndRejections (node:internal/process/task_queues:91:21)
}
Call log:
-   - <ws connecting> ws://cdp.lambdatest.com/playwright
-   - <ws error> ws://cdp.lambdatest.com/playwright error connect ETIMEDOUT 43.204.87.215:80
-   - <ws connect error> ws://cdp.lambdatest.com/playwright connect ETIMEDOUT 43.204.87.215:80
-   - <ws disconnected> ws://cdp.lambdatest.com/playwright code=1006 reason=
]]>
            </message>
            <full-stacktrace>
              <![CDATA[com.microsoft.playwright.PlaywrightException: Error {
  message='WebSocket error: connect ETIMEDOUT 43.204.87.215:80
  name='Error
  stack='Error: WebSocket error: connect ETIMEDOUT 43.204.87.215:80
    at t.<anonymous> (C:\Users\SAMARJ~1\AppData\Local\Temp\playwright-java-2002165867467356372\package\lib\server\transport.js:60:16)
    at t.emit (node:events:530:35)
    at sa (C:\Users\SAMARJ~1\AppData\Local\Temp\playwright-java-2002165867467356372\package\lib\utilsBundleImpl\index.js:175:40894)
    at ClientRequest.<anonymous> (C:\Users\SAMARJ~1\AppData\Local\Temp\playwright-java-2002165867467356372\package\lib\utilsBundleImpl\index.js:175:39145)
    at ClientRequest.emit (node:events:518:28)
    at emitErrorEvent (node:_http_client:103:11)
    at _destroy (node:_http_client:886:9)
    at onSocketNT (node:_http_client:906:5)
    at process.processTicksAndRejections (node:internal/process/task_queues:91:21)
}
Call log:
-   - <ws connecting> ws://cdp.lambdatest.com/playwright
-   - <ws error> ws://cdp.lambdatest.com/playwright error connect ETIMEDOUT 43.204.87.215:80
-   - <ws connect error> ws://cdp.lambdatest.com/playwright connect ETIMEDOUT 43.204.87.215:80
-   - <ws disconnected> ws://cdp.lambdatest.com/playwright code=1006 reason=

at com.microsoft.playwright.impl.WaitableResult.get(WaitableResult.java:56)
at com.microsoft.playwright.impl.ChannelOwner.runUntil(ChannelOwner.java:132)
at com.microsoft.playwright.impl.Connection.sendMessage(Connection.java:130)
at com.microsoft.playwright.impl.ChannelOwner.sendMessage(ChannelOwner.java:118)
at com.microsoft.playwright.impl.BrowserTypeImpl.connectImpl(BrowserTypeImpl.java:86)
at com.microsoft.playwright.impl.BrowserTypeImpl.lambda$connect$1(BrowserTypeImpl.java:60)
at com.microsoft.playwright.impl.LoggingSupport.withLogging(LoggingSupport.java:47)
at com.microsoft.playwright.impl.ChannelOwner.withLogging(ChannelOwner.java:97)
at com.microsoft.playwright.impl.BrowserTypeImpl.connect(BrowserTypeImpl.java:60)
at com.microsoft.playwright.BrowserType.connect(BrowserType.java:1178)
at Playwright.PlaywrightTest101.setup(PlaywrightTest101.java:53)
at java.base/jdk.internal.reflect.DirectMethodHandleAccessor.invoke(DirectMethodHandleAccessor.java:103)
at java.base/java.lang.reflect.Method.invoke(Method.java:580)
at org.testng.internal.MethodInvocationHelper.invokeMethod(MethodInvocationHelper.java:124)
at org.testng.internal.MethodInvocationHelper.invokeMethodConsideringTimeout(MethodInvocationHelper.java:59)
at org.testng.internal.Invoker.invokeConfigurationMethod(Invoker.java:455)
at org.testng.internal.Invoker.invokeConfigurations(Invoker.java:222)
at org.testng.internal.Invoker.invokeMethod(Invoker.java:520)
at org.testng.internal.Invoker.invokeTestMethod(Invoker.java:716)
at org.testng.internal.Invoker.invokeTestMethods(Invoker.java:988)
at org.testng.internal.TestMethodWorker.invokeTestMethods(TestMethodWorker.java:125)
at org.testng.internal.TestMethodWorker.run(TestMethodWorker.java:109)
at org.testng.TestRunner.privateRun(TestRunner.java:648)
at org.testng.TestRunner.run(TestRunner.java:505)
at org.testng.SuiteRunner.runTest(SuiteRunner.java:455)
at org.testng.SuiteRunner.access$000(SuiteRunner.java:40)
at org.testng.SuiteRunner$SuiteWorker.run(SuiteRunner.java:489)
at org.testng.internal.thread.ThreadUtil$1.call(ThreadUtil.java:52)
at java.base/java.util.concurrent.FutureTask.run(FutureTask.java:317)
at java.base/java.util.concurrent.ThreadPoolExecutor.runWorker(ThreadPoolExecutor.java:1144)
at java.base/java.util.concurrent.ThreadPoolExecutor$Worker.run(ThreadPoolExecutor.java:642)
at java.base/java.lang.Thread.run(Thread.java:1583)
Caused by: com.microsoft.playwright.impl.DriverException: Error {
  message='WebSocket error: connect ETIMEDOUT 43.204.87.215:80
  name='Error
  stack='Error: WebSocket error: connect ETIMEDOUT 43.204.87.215:80
    at t.<anonymous> (C:\Users\SAMARJ~1\AppData\Local\Temp\playwright-java-2002165867467356372\package\lib\server\transport.js:60:16)
    at t.emit (node:events:530:35)
    at sa (C:\Users\SAMARJ~1\AppData\Local\Temp\playwright-java-2002165867467356372\package\lib\utilsBundleImpl\index.js:175:40894)
    at ClientRequest.<anonymous> (C:\Users\SAMARJ~1\AppData\Local\Temp\playwright-java-2002165867467356372\package\lib\utilsBundleImpl\index.js:175:39145)
    at ClientRequest.emit (node:events:518:28)
    at emitErrorEvent (node:_http_client:103:11)
    at _destroy (node:_http_client:886:9)
    at onSocketNT (node:_http_client:906:5)
    at process.processTicksAndRejections (node:internal/process/task_queues:91:21)
}
Call log:
-   - <ws connecting> ws://cdp.lambdatest.com/playwright
-   - <ws error> ws://cdp.lambdatest.com/playwright error connect ETIMEDOUT 43.204.87.215:80
-   - <ws connect error> ws://cdp.lambdatest.com/playwright connect ETIMEDOUT 43.204.87.215:80
-   - <ws disconnected> ws://cdp.lambdatest.com/playwright code=1006 reason=

at com.microsoft.playwright.impl.Connection.dispatch(Connection.java:259)
at com.microsoft.playwright.impl.Connection.processOneMessage(Connection.java:211)
at com.microsoft.playwright.impl.ChannelOwner.runUntil(ChannelOwner.java:130)
... 30 more
]]>
            </full-stacktrace>
          </exception> <!-- com.microsoft.playwright.PlaywrightException -->
          <reporter-output>
          </reporter-output>
        </test-method> <!-- test_scenario3 -->
        <test-method is-config="true" signature="quitDriver()[pri:0, instance:Playwright.PlaywrightTest101@25b485ba]" started-at="2025-03-26T20:52:12Z" name="quitDriver" finished-at="2025-03-26T20:52:12Z" duration-ms="0" status="SKIP">
          <reporter-output>
          </reporter-output>
        </test-method> <!-- quitDriver -->
      </class> <!-- Playwright.PlaywrightTest101 -->
    </test> <!-- Test in Firefox+macOS Sequoia -->
    <test started-at="2025-03-26T20:51:01Z" name="Test in Firefox+macOS Catalina" finished-at="2025-03-26T20:52:34Z" duration-ms="93536">
      <class name="Playwright.PlaywrightTest101">
        <test-method is-config="true" signature="setup(java.lang.String, java.lang.String, java.lang.String)[pri:0, instance:Playwright.PlaywrightTest101@482cd91f]" started-at="2025-03-26T20:51:01Z" name="setup" finished-at="2025-03-26T20:51:23Z" duration-ms="21980" status="PASS">
          <params>
            <param index="0">
              <value>
                <![CDATA[pw-firefox]]>
              </value>
            </param>
            <param index="1">
              <value>
                <![CDATA[latest]]>
              </value>
            </param>
            <param index="2">
              <value>
                <![CDATA[macOS Catalina]]>
              </value>
            </param>
          </params>
          <reporter-output>
          </reporter-output>
        </test-method> <!-- setup -->
        <test-method signature="test_scenario1()[pri:1, instance:Playwright.PlaywrightTest101@482cd91f]" started-at="2025-03-26T20:51:23Z" name="test_scenario1" finished-at="2025-03-26T20:51:29Z" duration-ms="6393" status="PASS">
          <reporter-output>
          </reporter-output>
        </test-method> <!-- test_scenario1 -->
        <test-method is-config="true" signature="quitDriver()[pri:0, instance:Playwright.PlaywrightTest101@482cd91f]" started-at="2025-03-26T20:51:29Z" name="quitDriver" finished-at="2025-03-26T20:51:29Z" duration-ms="232" status="PASS">
          <reporter-output>
          </reporter-output>
        </test-method> <!-- quitDriver -->
        <test-method is-config="true" signature="setup(java.lang.String, java.lang.String, java.lang.String)[pri:0, instance:Playwright.PlaywrightTest101@482cd91f]" started-at="2025-03-26T20:51:29Z" name="setup" finished-at="2025-03-26T20:52:01Z" duration-ms="31922" status="PASS">
          <params>
            <param index="0">
              <value>
                <![CDATA[pw-firefox]]>
              </value>
            </param>
            <param index="1">
              <value>
                <![CDATA[latest]]>
              </value>
            </param>
            <param index="2">
              <value>
                <![CDATA[macOS Catalina]]>
              </value>
            </param>
          </params>
          <reporter-output>
          </reporter-output>
        </test-method> <!-- setup -->
        <test-method signature="test_scenario2()[pri:2, instance:Playwright.PlaywrightTest101@482cd91f]" started-at="2025-03-26T20:52:01Z" name="test_scenario2" finished-at="2025-03-26T20:52:09Z" duration-ms="8096" status="PASS">
          <reporter-output>
          </reporter-output>
        </test-method> <!-- test_scenario2 -->
        <test-method is-config="true" signature="quitDriver()[pri:0, instance:Playwright.PlaywrightTest101@482cd91f]" started-at="2025-03-26T20:52:09Z" name="quitDriver" finished-at="2025-03-26T20:52:10Z" duration-ms="289" status="PASS">
          <reporter-output>
          </reporter-output>
        </test-method> <!-- quitDriver -->
        <test-method is-config="true" signature="setup(java.lang.String, java.lang.String, java.lang.String)[pri:0, instance:Playwright.PlaywrightTest101@482cd91f]" started-at="2025-03-26T20:52:10Z" name="setup" finished-at="2025-03-26T20:52:20Z" duration-ms="10617" status="PASS">
          <params>
            <param index="0">
              <value>
                <![CDATA[pw-firefox]]>
              </value>
            </param>
            <param index="1">
              <value>
                <![CDATA[latest]]>
              </value>
            </param>
            <param index="2">
              <value>
                <![CDATA[macOS Catalina]]>
              </value>
            </param>
          </params>
          <reporter-output>
          </reporter-output>
        </test-method> <!-- setup -->
        <test-method signature="test_scenario3()[pri:3, instance:Playwright.PlaywrightTest101@482cd91f]" started-at="2025-03-26T20:52:20Z" name="test_scenario3" finished-at="2025-03-26T20:52:34Z" duration-ms="13664" status="PASS">
          <reporter-output>
          </reporter-output>
        </test-method> <!-- test_scenario3 -->
        <test-method is-config="true" signature="quitDriver()[pri:0, instance:Playwright.PlaywrightTest101@482cd91f]" started-at="2025-03-26T20:52:34Z" name="quitDriver" finished-at="2025-03-26T20:52:34Z" duration-ms="313" status="PASS">
          <reporter-output>
          </reporter-output>
        </test-method> <!-- quitDriver -->
      </class> <!-- Playwright.PlaywrightTest101 -->
    </test> <!-- Test in Firefox+macOS Catalina -->
    <test started-at="2025-03-26T20:51:01Z" name="Test in Chromium+Windows 10" finished-at="2025-03-26T20:52:50Z" duration-ms="109769">
      <class name="Playwright.PlaywrightTest101">
        <test-method is-config="true" signature="setup(java.lang.String, java.lang.String, java.lang.String)[pri:0, instance:Playwright.PlaywrightTest101@145eaa29]" started-at="2025-03-26T20:51:01Z" name="setup" finished-at="2025-03-26T20:51:46Z" duration-ms="45692" status="PASS">
          <params>
            <param index="0">
              <value>
                <![CDATA[pw-chromium]]>
              </value>
            </param>
            <param index="1">
              <value>
                <![CDATA[latest]]>
              </value>
            </param>
            <param index="2">
              <value>
                <![CDATA[Windows 10]]>
              </value>
            </param>
          </params>
          <reporter-output>
          </reporter-output>
        </test-method> <!-- setup -->
        <test-method signature="test_scenario1()[pri:1, instance:Playwright.PlaywrightTest101@145eaa29]" started-at="2025-03-26T20:51:46Z" name="test_scenario1" finished-at="2025-03-26T20:51:50Z" duration-ms="3696" status="PASS">
          <reporter-output>
          </reporter-output>
        </test-method> <!-- test_scenario1 -->
        <test-method is-config="true" signature="quitDriver()[pri:0, instance:Playwright.PlaywrightTest101@145eaa29]" started-at="2025-03-26T20:51:50Z" name="quitDriver" finished-at="2025-03-26T20:51:50Z" duration-ms="284" status="PASS">
          <reporter-output>
          </reporter-output>
        </test-method> <!-- quitDriver -->
        <test-method is-config="true" signature="setup(java.lang.String, java.lang.String, java.lang.String)[pri:0, instance:Playwright.PlaywrightTest101@145eaa29]" started-at="2025-03-26T20:51:50Z" name="setup" finished-at="2025-03-26T20:52:20Z" duration-ms="29280" status="PASS">
          <params>
            <param index="0">
              <value>
                <![CDATA[pw-chromium]]>
              </value>
            </param>
            <param index="1">
              <value>
                <![CDATA[latest]]>
              </value>
            </param>
            <param index="2">
              <value>
                <![CDATA[Windows 10]]>
              </value>
            </param>
          </params>
          <reporter-output>
          </reporter-output>
        </test-method> <!-- setup -->
        <test-method signature="test_scenario2()[pri:2, instance:Playwright.PlaywrightTest101@145eaa29]" started-at="2025-03-26T20:52:20Z" name="test_scenario2" finished-at="2025-03-26T20:52:26Z" duration-ms="6359" status="PASS">
          <reporter-output>
          </reporter-output>
        </test-method> <!-- test_scenario2 -->
        <test-method is-config="true" signature="quitDriver()[pri:0, instance:Playwright.PlaywrightTest101@145eaa29]" started-at="2025-03-26T20:52:26Z" name="quitDriver" finished-at="2025-03-26T20:52:26Z" duration-ms="402" status="PASS">
          <reporter-output>
          </reporter-output>
        </test-method> <!-- quitDriver -->
        <test-method is-config="true" signature="setup(java.lang.String, java.lang.String, java.lang.String)[pri:0, instance:Playwright.PlaywrightTest101@145eaa29]" started-at="2025-03-26T20:52:26Z" name="setup" finished-at="2025-03-26T20:52:42Z" duration-ms="15395" status="PASS">
          <params>
            <param index="0">
              <value>
                <![CDATA[pw-chromium]]>
              </value>
            </param>
            <param index="1">
              <value>
                <![CDATA[latest]]>
              </value>
            </param>
            <param index="2">
              <value>
                <![CDATA[Windows 10]]>
              </value>
            </param>
          </params>
          <reporter-output>
          </reporter-output>
        </test-method> <!-- setup -->
        <test-method signature="test_scenario3()[pri:3, instance:Playwright.PlaywrightTest101@145eaa29]" started-at="2025-03-26T20:52:42Z" name="test_scenario3" finished-at="2025-03-26T20:52:50Z" duration-ms="8291" status="PASS">
          <reporter-output>
          </reporter-output>
        </test-method> <!-- test_scenario3 -->
        <test-method is-config="true" signature="quitDriver()[pri:0, instance:Playwright.PlaywrightTest101@145eaa29]" started-at="2025-03-26T20:52:50Z" name="quitDriver" finished-at="2025-03-26T20:52:50Z" duration-ms="339" status="PASS">
          <reporter-output>
          </reporter-output>
        </test-method> <!-- quitDriver -->
      </class> <!-- Playwright.PlaywrightTest101 -->
    </test> <!-- Test in Chromium+Windows 10 -->
  </suite> <!-- Suite -->
</testng-results>
